<?xml version="1.0" encoding="utf-8"?><testsuites name="pytest tests"><testsuite name="pytest" errors="0" failures="1" skipped="0" tests="12" time="36.414" timestamp="2026-04-24T06:16:41.646241+00:00" hostname="agent-env-2580897e-994b-400f-9f6e-0a4f83efd434"><testcase classname="backend.tests.test_bug_fixes" name="test_bug14_cors_headers_present" time="0.311" /><testcase classname="backend.tests.test_bug_fixes" name="test_bug14_cors_on_get" time="0.308" /><testcase classname="backend.tests.test_bug_fixes" name="test_bug15_17_root_alive" time="0.312" /><testcase classname="backend.tests.test_bug_fixes" name="test_bug04_invalid_month_returns_422" time="2.018" /><testcase classname="backend.tests.test_bug_fixes" name="test_bug04_invalid_month_format" time="0.310" /><testcase classname="backend.tests.test_bug_fixes" name="test_bug04_valid_month_ok" time="0.308" /><testcase classname="backend.tests.test_bug_fixes" name="test_bug01_total_expense_and_profit_loss" time="0.881"><failure message="assert 300000.0 == 350000">backend/tests/test_bug_fixes.py:139: in test_bug01_total_expense_and_profit_loss
    assert data["total_expense"] == 350000
E   assert 300000.0 == 350000</failure></testcase><testcase classname="backend.tests.test_bug_fixes" name="test_bug02_invalid_token_returns_401" time="0.203" /><testcase classname="backend.tests.test_bug_fixes" name="test_bug02_logout_invalidates_token" time="2.012" /><testcase classname="backend.tests.test_bug_fixes" name="test_bug07_predict_no_transactions_succeeds" time="27.720" /><testcase classname="backend.tests.test_bug_fixes" name="test_bug08_transactions_accepts_limit_10000" time="0.473" /><testcase classname="backend.tests.test_bug_fixes" name="test_bug08_transactions_limit_above_cap" time="0.317" /></testsuite></testsuites>