<?xml version="1.0" encoding="utf-8"?><testsuites name="pytest tests"><testsuite name="pytest" errors="0" failures="0" skipped="0" tests="12" time="8.608" timestamp="2026-04-24T06:50:04.820031+00:00" hostname="agent-env-2580897e-994b-400f-9f6e-0a4f83efd434"><testcase classname="backend.tests.test_bug_fixes" name="test_bug14_cors_headers_present" time="0.185" /><testcase classname="backend.tests.test_bug_fixes" name="test_bug14_cors_on_get" time="0.262" /><testcase classname="backend.tests.test_bug_fixes" name="test_bug15_17_root_alive" time="0.241" /><testcase classname="backend.tests.test_bug_fixes" name="test_bug04_invalid_month_returns_422" time="1.467" /><testcase classname="backend.tests.test_bug_fixes" name="test_bug04_invalid_month_format" time="0.249" /><testcase classname="backend.tests.test_bug_fixes" name="test_bug04_valid_month_ok" time="0.225" /><testcase classname="backend.tests.test_bug_fixes" name="test_bug01_total_expense_and_profit_loss" time="0.884" /><testcase classname="backend.tests.test_bug_fixes" name="test_bug02_invalid_token_returns_401" time="0.159" /><testcase classname="backend.tests.test_bug_fixes" name="test_bug02_logout_invalidates_token" time="1.247" /><testcase classname="backend.tests.test_bug_fixes" name="test_bug07_predict_no_transactions_succeeds" time="3.142" /><testcase classname="backend.tests.test_bug_fixes" name="test_bug08_transactions_accepts_limit_10000" time="0.156" /><testcase classname="backend.tests.test_bug_fixes" name="test_bug08_transactions_limit_above_cap" time="0.152" /></testsuite></testsuites>