<?xml version="1.0" encoding="utf-8"?><testsuites name="pytest tests"><testsuite name="pytest" errors="0" failures="0" skipped="0" tests="3" time="3.042" timestamp="2026-04-24T07:19:31.470741+00:00" hostname="agent-env-2580897e-994b-400f-9f6e-0a4f83efd434"><testcase classname="backend.tests.test_dashboard_regression" name="test_dashboard_formula_full" time="1.680" /><testcase classname="backend.tests.test_dashboard_regression" name="test_monthly_capital_crud" time="0.473" /><testcase classname="backend.tests.test_dashboard_regression" name="test_transaction_crud" time="0.121" /></testsuite></testsuites>