<?xml version="1.0" encoding="utf-8"?><testsuites name="pytest tests"><testsuite name="pytest" errors="0" failures="0" skipped="0" tests="27" time="13.246" timestamp="2026-04-23T09:12:11.206455+00:00" hostname="agent-env-10796642-15ae-4c7f-a749-5cc950cb3275"><testcase classname="backend.tests.backend_test.TestHealth" name="test_api_root" time="0.581" /><testcase classname="backend.tests.backend_test.TestHealth" name="test_ml_health" time="7.524" /><testcase classname="backend.tests.backend_test.TestAuth" name="test_register_validation_short_password" time="0.052" /><testcase classname="backend.tests.backend_test.TestAuth" name="test_register_validation_invalid_email" time="0.043" /><testcase classname="backend.tests.backend_test.TestAuth" name="test_register_success_and_duplicate" time="0.322" /><testcase classname="backend.tests.backend_test.TestAuth" name="test_login_success" time="0.314" /><testcase classname="backend.tests.backend_test.TestAuth" name="test_login_wrong_password" time="0.267" /><testcase classname="backend.tests.backend_test.TestAuth" name="test_login_nonexistent" time="0.044" /><testcase classname="backend.tests.backend_test.TestAuth" name="test_me_with_valid_token" time="0.049" /><testcase classname="backend.tests.backend_test.TestAuth" name="test_me_without_token" time="0.042" /><testcase classname="backend.tests.backend_test.TestAuth" name="test_me_invalid_token" time="0.042" /><testcase classname="backend.tests.backend_test.TestAuth" name="test_logout_invalidates_token" time="0.669" /><testcase classname="backend.tests.backend_test.TestTransactions" name="test_create_income_and_verify" time="0.132" /><testcase classname="backend.tests.backend_test.TestTransactions" name="test_create_validation_negative_amount" time="0.044" /><testcase classname="backend.tests.backend_test.TestTransactions" name="test_create_validation_invalid_type" time="0.084" /><testcase classname="backend.tests.backend_test.TestTransactions" name="test_filter_by_type_and_pagination" time="0.182" /><testcase classname="backend.tests.backend_test.TestTransactions" name="test_delete_transaction" time="0.134" /><testcase classname="backend.tests.backend_test.TestTransactions" name="test_user_isolation" time="0.486" /><testcase classname="backend.tests.backend_test.TestDashboard" name="test_dashboard_shape" time="0.044" /><testcase classname="backend.tests.backend_test.TestDashboard" name="test_dashboard_invalid_month_format" time="0.042" /><testcase classname="backend.tests.backend_test.TestBudgets" name="test_save_and_get_budgets_upsert" time="0.143" /><testcase classname="backend.tests.backend_test.TestBudgets" name="test_budget_realisasi_from_outcome" time="0.132" /><testcase classname="backend.tests.backend_test.TestPredict" name="test_predict_7_days" time="0.895" /><testcase classname="backend.tests.backend_test.TestPredict" name="test_predict_bounds_invalid" time="0.092" /><testcase classname="backend.tests.backend_test.TestPredict" name="test_predict_requires_auth" time="0.043" /><testcase classname="backend.tests.backend_test.TestPredictionHistory" name="test_history_list_and_detail_and_delete" time="0.385" /><testcase classname="backend.tests.backend_test.TestPredictionHistory" name="test_history_isolation" time="0.223" /></testsuite></testsuites>